<?xml version="1.0" encoding="UTF-8"?>
<!-- Generated by org.testng.reporters.JUnitReportReporter -->
<testsuite skipped="0" hostname="Mario" name="com.qa.hubspot.tests.HomePageTest" tests="2" failures="0" timestamp="04 Sep 2019 15:07:02 GMT" time="34.995" errors="0">
  <testcase name="verifyHomePageHeader" time="18.689" classname="com.qa.hubspot.tests.HomePageTest"/>
  <testcase name="verifyHomePageTitle" time="16.306" classname="com.qa.hubspot.tests.HomePageTest"/>
</testsuite> <!-- com.qa.hubspot.tests.HomePageTest -->
