<?xml version="1.0" encoding="UTF-8"?>
<!-- Generated by org.testng.reporters.JUnitReportReporter -->
<testsuite skipped="0" hostname="Mario" name="com.qa.hubspot.tests.ByLoginPageTest" tests="3" failures="0" timestamp="08 Sep 2019 07:17:24 GMT" time="42.213" errors="0">
  <testcase name="verifyLoginTitle" time="10.922" classname="com.qa.hubspot.tests.ByLoginPageTest"/>
  <testcase name="doLogin" time="19.370" classname="com.qa.hubspot.tests.ByLoginPageTest"/>
  <testcase name="verifySignupLink" time="11.921" classname="com.qa.hubspot.tests.ByLoginPageTest"/>
</testsuite> <!-- com.qa.hubspot.tests.ByLoginPageTest -->
