<?xml version="1.0" encoding="UTF-8"?>
<!-- Generated by org.testng.reporters.JUnitReportReporter -->
<testsuite skipped="0" hostname="Mario" name="com.qa.hubspot.tests.ByHomePageTest" tests="2" failures="0" timestamp="08 Sep 2019 07:26:29 GMT" time="40.871" errors="0">
  <testcase name="verifyHomePageHeader" time="21.548" classname="com.qa.hubspot.tests.ByHomePageTest"/>
  <testcase name="verifyHomePageTitle" time="19.323" classname="com.qa.hubspot.tests.ByHomePageTest"/>
</testsuite> <!-- com.qa.hubspot.tests.ByHomePageTest -->
