<?xml version="1.0" encoding="UTF-8"?>
<!-- Generated by org.testng.reporters.JUnitReportReporter -->
<testsuite skipped="0" hostname="Mario" name="com.qa.hubspot.tests.LoginPageTest" tests="2" failures="0" timestamp="03 Sep 2019 16:37:44 GMT" time="25.711" errors="0">
  <testcase name="b" time="8.971" classname="com.qa.hubspot.tests.LoginPageTest"/>
  <testcase name="a" time="16.740" classname="com.qa.hubspot.tests.LoginPageTest"/>
</testsuite> <!-- com.qa.hubspot.tests.LoginPageTest -->
